Determining if the pthread_create exist failed with the following output:
Change Dir: /home/chshy/ros_ws/opencv/build/opencv_process/CMakeFiles/CMakeTmp

Run Build Command:"/usr/bin/make" "cmTC_2d5fe/fast"
/usr/bin/make -f CMakeFiles/cmTC_2d5fe.dir/build.make CMakeFiles/cmTC_2d5fe.dir/build
make[1]: 进入目录“/home/chshy/ros_ws/opencv/build/opencv_process/CMakeFiles/CMakeTmp”
Building C object CMakeFiles/cmTC_2d5fe.dir/CheckSymbolExists.c.o
/usr/bin/cc    -o CMakeFiles/cmTC_2d5fe.dir/CheckSymbolExists.c.o   -c /home/chshy/ros_ws/opencv/build/opencv_process/CMakeFiles/CMakeTmp/CheckSymbolExists.c
Linking C executable cmTC_2d5fe
/usr/bin/cmake -E cmake_link_script CMakeFiles/cmTC_2d5fe.dir/link.txt --verbose=1
/usr/bin/cc      -rdynamic CMakeFiles/cmTC_2d5fe.dir/CheckSymbolExists.c.o  -o cmTC_2d5fe 
CMakeFiles/cmTC_2d5fe.dir/CheckSymbolExists.c.o：在函数‘main’中：
CheckSymbolExists.c:(.text+0x1b)：对‘pthread_create’未定义的引用
collect2: error: ld returned 1 exit status
CMakeFiles/cmTC_2d5fe.dir/build.make:97: recipe for target 'cmTC_2d5fe' failed
make[1]: *** [cmTC_2d5fe] Error 1
make[1]: 离开目录“/home/chshy/ros_ws/opencv/build/opencv_process/CMakeFiles/CMakeTmp”
Makefile:126: recipe for target 'cmTC_2d5fe/fast' failed
make: *** [cmTC_2d5fe/fast] Error 2

File /home/chshy/ros_ws/opencv/build/opencv_process/CMakeFiles/CMakeTmp/CheckSymbolExists.c:
/* */
#include <pthread.h>

int main(int argc, char** argv)
{
  (void)argv;
#ifndef pthread_create
  return ((int*)(&pthread_create))[argc];
#else
  (void)argc;
  return 0;
#endif
}

Determining if the function pthread_create exists in the pthreads failed with the following output:
Change Dir: /home/chshy/ros_ws/opencv/build/opencv_process/CMakeFiles/CMakeTmp

Run Build Command:"/usr/bin/make" "cmTC_0aaad/fast"
/usr/bin/make -f CMakeFiles/cmTC_0aaad.dir/build.make CMakeFiles/cmTC_0aaad.dir/build
make[1]: 进入目录“/home/chshy/ros_ws/opencv/build/opencv_process/CMakeFiles/CMakeTmp”
Building C object CMakeFiles/cmTC_0aaad.dir/CheckFunctionExists.c.o
/usr/bin/cc   -DCHECK_FUNCTION_EXISTS=pthread_create   -o CMakeFiles/cmTC_0aaad.dir/CheckFunctionExists.c.o   -c /usr/share/cmake-3.10/Modules/CheckFunctionExists.c
Linking C executable cmTC_0aaad
/usr/bin/cmake -E cmake_link_script CMakeFiles/cmTC_0aaad.dir/link.txt --verbose=1
/usr/bin/cc  -DCHECK_FUNCTION_EXISTS=pthread_create    -rdynamic CMakeFiles/cmTC_0aaad.dir/CheckFunctionExists.c.o  -o cmTC_0aaad -lpthreads 
/usr/bin/ld: 找不到 -lpthreads
collect2: error: ld returned 1 exit status
CMakeFiles/cmTC_0aaad.dir/build.make:97: recipe for target 'cmTC_0aaad' failed
make[1]: *** [cmTC_0aaad] Error 1
make[1]: 离开目录“/home/chshy/ros_ws/opencv/build/opencv_process/CMakeFiles/CMakeTmp”
Makefile:126: recipe for target 'cmTC_0aaad/fast' failed
make: *** [cmTC_0aaad/fast] Error 2


